8	Skye	##nature	%% 8 Top-Rated Tourist Attractions in the Hebrides; 8 Top-Rated Tourist Attractions Near Loch Ness
15	Nature Reserve	##nature	%% 15 Lake Myvatn
2	Grindav	##nature	%% 2 Blue Lagoon
10	Top-Rated Day Trips	##nature	%% 10 Top-Rated Tourist Attractions in St Andrews
16	Perlan	##nature	%% 16 The Pearl Observatory
6	Maelifell Volcano	##nature	%% kull Glacier Park; kull Glacier Park
12	Easy Day Trips	##nature	%% 12 Top-Rated Tourist Attractions in Aberdeen; Top-Rated Tourist Attractions Around Loch Lomond
10	St Andrews	##nature	%% 8 Top-Rated Tourist Attractions in Ayr
12	Aberdeen	##nature	%% Top-Rated Tourist Attractions Around Loch Lomond
10	Fife	##nature	%% 10 Top-Rated Tourist Attractions in St Andrews; 8 Top-Rated Tourist Attractions in Ayr
10	Scotland	##nature	%% 12 Top-Rated Tourist Attractions in Aberdeen
8	Isle	##nature	%% 8 Top-Rated Tourist Attractions in the Hebrides; 8 Top-Rated Tourist Attractions Near Loch Ness
8	Ayr	##nature	%% 15 Top-Rated Tourist Attractions In Edinburgh
11	Inverness	##nature	%% the Scottish Highlands; 10 Top-Rated Attractions in Oban
16	the World	##nature	%% 16 Most Charming Towns in Europe
10	the Surrounding Area	##nature	%% 10 Top-Rated Attractions in Oban; 10 Top-Rated Tourist Attractions in Scotland
10	Fort William	##nature	%% 10 Top-Rated Attractions in Oban; 10 Top-Rated Tourist Attractions in Scotland
6	Glacier Park	##nature	%% 6 Maelifell Volcano
10	Grundarfj	##nature	%% 10 Kirkjufell Mountain
4	Aurora Borealis	##nature	%% 4 The Northern Lights
22	Paris	##nature	%% 14 Best Beaches in the Caribbean
8	Dumfries	##nature	%% 8 Top-Rated Tourist Attractions in Ayr; 15 Top-Rated Tourist Attractions In Edinburgh
10	Oban	##nature	%% 10 Top-Rated Tourist Attractions in Scotland
8	Top-Rated Tourist Attractions Near Loch Ness	##nature	%% 11 Top-Rated Tourist Attractions in Inverness; the Scottish Highlands
6	Myrdalsj	##nature	%% 6 Maelifell Volcano; kull Glacier Park; kull Glacier Park
8	the Hebrides	##nature	%% Isle of Skye; 8 Top-Rated Tourist Attractions Near Loch Ness
7	Vatnaj	##nature	%% 7 Skaftafell Ice Cave
