0	Wine	##nature	%% Our favourite city; an impressive number of quality restaurants; staffed with award; winning chefs that create both imaginative and delicious cuisine; the Icelandic cuisine; the fabulous Icelandic coffee
0	Design	##nature	%% re after famous brands; discovering some quirky Icelandic bargains in popular retro/second-hand shops
0	Wellness	##nature	%% The perfect way; our many thermal pools
0	memorable.	##nature	%% various things; your stay in Reykjav; arrow Back
0	Endless Nights	##nature	%% otherworldly illuminations
0	Northern Lights	##nature	%% otherworldly illuminations
0	Silfra	##nature	%% the downtown area; the highest concentration of cultural institutions; an extraordinary number of tour operators; offering everything from volcano tours; to diving in the otherworldly waters; various things; your stay in Reykjav; k memorable.
0	Reykjav	##nature	%% a myriad of adventures; a paradise of possibilities
0	Whether	##nature	%% re after famous brands; discovering some quirky Icelandic bargains in popular retro/second-hand shops
0	Culture Scene	##nature	%% your trip to Iceland; our culture
0	Downtown Reykjav	##nature	%% re after famous brands; discovering some quirky Icelandic bargains in popular retro/second-hand shops
0	Come	##nature	%% our world; famous nightlife in Reykjav; lots of live venues; a multitude of different party moods
0	Dine	##nature	%% Our favourite city; an impressive number of quality restaurants; staffed with award; winning chefs that create both imaginative and delicious cuisine; the Icelandic cuisine; the fabulous Icelandic coffee
0	Discover	##nature	%% a myriad of adventures; a paradise of possibilities
0	k City	##nature	%% a hotbed of activity; a remarkable number; all year round; the world
0	k	##nature	%% a myriad of adventures; a paradise of possibilities
0	Explore	##nature	%% a myriad of adventures; a paradise of possibilities
0	Stay	##nature	%% otherworldly illuminations
0	K FESTIVAL CITY	##nature	%% a hotbed of activity; a remarkable number; all year round; the world
0	REYKJAV	##nature	%% a hotbed of activity; a remarkable number; all year round; the world
0	Arts	##nature	%% an array of museums; open year-round; national historic treasures; small galleries; exhibiting contemporary work by local artists; The city; an impressive literary heritage; its wealth
0	unique Icelandic design	##nature	%% re after famous brands; discovering some quirky Icelandic bargains in popular retro/second-hand shops
0	Health	##nature	%% The perfect way; our many thermal pools
0	some quirky Icelandic bargains	##nature	%% re after famous brands
0	Parks	##nature	%% Step off the pavements; k city limits; Taking a break from culture; such a healthy number; beautiful parks; an area of green respite
