0 Rabat ##city %% capital of Morocco; 12th-century tower and minaret
0 Casablanca ##city %% contemporary mosque
0 Fez ##city %% oldest and largest medieval cities in the world; huge medina; beautiful city gates
0 Marrakech ##city %% huge maze of souks
0 Meknes ##city %% extensive walls; vineyards; Spanish-Moorish style
0 Ouarzazate ##city; town %% ancient city
0 Tangier ##city %% artists (Matisse), musicians (Hendrix), politicians (Churchill), writers (Burroughs, Twain)
0 Taroudannt ##city %% southern market down
0 Tetouan ##city %% beaches; Rif Mountains
0 Al Hoceima ##town %% beach town
0 Agadir ##city %% beaches
0 Amizmiz ##town %% largest Berber souks
0 Chefchaouen ##town %% mountain town; white-washed winding alleys
0 Essaouira ##city; town; beach %% beaches
0 High Atlas ##mountain %% such beauty
0 Imouzzer ##town %% traditional Berber town; beautiful scenery; waterfall
0 Merzouga and M'Hamod ##town %% ride a camel; dunes; stars
0 Tinerhir ##town %% point of access to the stunning High Atlas
0 Volubilis ##archaeological site; ruin %% biggest Roman ruins in Morocco
0 Hassan II mosque ##mosque %% second largest mosque in the world
0 Jamaa el-Fnaa ##city/town square %% food stalls; Arabic story tellers; magicians; Chleuh dancers
0 Jebel Toubkal ##mountain peak %% highest peak in North-Africa; panoramic views
0 Sahara sand dunes ##desert %% desert tent; incredibly starred sky
0 Aït-Benhaddou ##historic site; ruin; city %% mud-brick kasbahs
0 Hammams ##other %% steam baths; pampered and scrubbed