0	Ruta	##nature	%% 60km NE of Salta
0	Bolivia	##nature	%% colonial towns; every pampas/glass-lake stereotype of Argentina; the water; the familiar tapestry of the country; s European heritage; the land; polychromatic ponchos; the ancient cultures of the Andean peoples; the nation; oldest remnants; heart-rending folklore ballads; wood churches; The city of Salta; its slow pace; colonial architecture; surrounded by places; offering every imaginable adventure sport
0	Mart	##nature	%% appealing blend of history; untainted beauty; this 400-year-old estancia belongs to the Arias family; descendants of Salta; Built in adobe; the beautiful house; decorated with 17th- and 18th-century paintings; the pool; the local colony of yacaras; an ideal base; the whole region; all meals; excellent value; 60km NE of Salta
0	Nacional Sierra	##nature	%% red canyons; an ideal one- or two-night stopover on the way; its stunning landscapes; friendly city; a lot; a detour; A barely noticeable jagged ridge on the horizon; the majesty awaiting visitors; this mass of rock; the ground; allowing water; a network; burnt-red canyons; the park; rising land; the Potrero de; a basin; dry river beds; surrounded by cliff walls; temple-like rock formations
0	the eager-to-help Oliver	##nature	%% s best home-from-home experience; Lungomare Trieste; the name of the street; lived in southern Italy; the European heritage doesn; the house; Catalan in style; The five bedrooms; come with private bathrooms; a small roof terrace with a pileta
0	a RP	##nature	%% 14km NW of Jes
0	n Zorreguieta	##nature	%% being the restaurant; owned by Princess M; eclectic dishes with Asian and Mediterranean influences; The restaurant; the best gourmet experience in town; an ample wine selection; the fusion dishes
0	Brazil	##nature	%% refers to the attraction; its entirety; a small town; national park on each side; the falls; the Argentinian side; a surprisingly tasteful answer to a typical tourist town; a few kilometres; share of the legendary falls
0	Aerol	##nature	%% The airport; neas Argentinas; 13 kilometres from the centre; cold between June; the weekend; some space on Florida beach
0	the Arias family	##nature	%% appealing blend of history; untainted beauty; descendants of Salta; Built in adobe; the beautiful house; decorated with 17th- and 18th-century paintings; the pool; the local colony of yacaras; an ideal base; the whole region; all meals; excellent value; 60km NE of Salta
0	RestaurantsEl Nuevo Progreso	##nature	%% Offering a perfect blend of local atmosphere; fantastic food; this place; the tourist hordes; the corner; s second plaza; The rustic wooden floor; the gourmet delights; created by the imaginative chef; Local ingredients; delicious traditional dishes; many evenings; the bar; a duo of folk musicians; an Andean nirvana
0	Norte	##nature	%% bus services from Salta; various destinations; numerous daily flights from Salta; Aerolineas Argentinas
0	Bunge	##nature	%% the coast on its doorstep; outdoor pools; situated just a few metres; an excellent modern European restaurant; beauty treatments; Many rooms; scene-stealing sea views; hot tubs
0	HotelsTerrazas al Mar	##nature	%% the coast on its doorstep; outdoor pools; situated just a few metres; buzzing Avenida Bunge; an excellent modern European restaurant; beauty treatments; Many rooms; scene-stealing sea views; hot tubs
0	Luis	##nature	%% a lively provincial capital; the gateway; the park
0	JederVoruebergehende vergnuegt	##nature	%% sich eine Weile damit; an dem Gefangenen einen Teilseines Zornes auszulassen; den seine; a href=; a href=http; //onlinekredit2014.tumblr.com Katastrophe
0	Vito Dumas	##nature	%% Getting thereTake city bus number; n in Buenos Aires; a 90-minute ride; the city; the Mitre line train from Retiro; Monday to Saturday; A more scenic rail option; a coastal light railway; the town; travels through the upscale riverside; north of Buenos Aires; terminating in Tigre
0	Mendoza Belgrano	##nature	%% s airport; regular connections to Buenos Aires; neas Argentinas; daily buses from Mendoza; Acceso Este
0	RN	##nature	%% numerous daily flights from Salta; Aerolineas Argentinas; all year round; Rain in the areas; Salta city; January to March; the coldest months; early summer; September to December; greener landscapes
0	PampasUpmarket beach towns	##nature	%% set amid a pine forestA; four-hour hop from the capital; the towns of Pinamar; a summertime playground of the smart set; the area; its winter slumbers; the dunes; forest spring; the crowded resort; fight for a patch; the height; the Costa Verde; Green Coast; the area; a much classier affair; extending to 300 metres; providing ample space; enduring conundrum; advantage of 15 hours; daily summer sun; blustery winter walks on deserted beaches; followed by tea; roaring log fire
0	El Salvador	##nature	%% Getting thereAll international flights; 45 minutes by taxi; the city centre; Aeroparque Internacional Jorge Newberry
0	zdnlxixl	##nature	%% a href=; payday loans; a href=http; //yorkshirealliance.co.uk fgasbox
0	R	##nature	%% your tango fix at practically; any hour; the most ardent carnivore reach for a salad; Cups overflow with wine; two left feet; no interest in spectator sports; the Argentinian capital; the iconic landmarks of Paris; its visual delights; Being in the city; visiting the world; largest film set; filled with intriguing details; unforgettable scenery; a fascinating cast
0	the Small Luxury Hotels	##nature	%% the style; a Patagonian ranch; a decor of exposed stone walls; An observatory; a feng-shui spa; a gourmet restaurant; large-windowed suites; Its location; the centre; a bonus; the most interesting twist; the hotel; s power couple; Cristina Kirchner; the former and current president
0	Time Out guidebooks	##nature	%% perfect places; 30 standout destinations in these dramatically varied countries; the lovliest hotels; best restaurants; most compelling landscapes; The book; an extensive insiders; guide to Buenos Aires; idyllic beaches; traditional gaucho towns; highlights of the Patagonian wilderness; Providing both information; Time Out Argentina; the perfect accompaniment to your South American adventure; a first time; perfect places
0	April	##nature	%% to goSpring; October to December; any time; a day; solid downpour; up-and-coming city on the banks; Rosario as a mini Buenos Aires; its biggest asset; the capital; its waterways; its riverside location; the tea-coloured R; a menu centrepiece; a hasty afterthought; all parts of a cow
0	June-September	##nature	%% all year round; the temperature; the walkways alongside the glacier; High season starts in November; the top; the list; towering mass of spray; straddling two countries amid 2,250 square kilometres; Some 275 waterfalls; this stretch of river; its largest and most dramatic conjunction; the water; resulting spray rises for so many metres; a distance; the falls; two directions
0	HotelsYacutinga Lodge	##nature	%% a labour of love; a lodging; a huge private reserve; A range of all-action programmes; a two-nighter; the highlight; empty river; the glittering waters; really lifts Yacutinga; the top shelf; the zeal; expertise of its staff
0	El Bordo	##nature	%% appealing blend of history; untainted beauty; this 400-year-old estancia belongs to the Arias family; descendants of Salta; Built in adobe; the beautiful house; decorated with 17th- and 18th-century paintings; the pool; the local colony of yacaras; an ideal base; the whole region; all meals; excellent value
0	the Netherlands	##nature	%% being the restaurant; owned by Princess M; eclectic dishes with Asian and Mediterranean influences; The restaurant; the best gourmet experience in town; an ample wine selection; the fusion dishes
0	San Carlos de Bariloche	##nature	%% districtThe massive national parkland; natural Andean drama in its rawest form; Standing thousands of metres; the plains; the higher summits of ice-capped volcanoes; glacial spring water; turquoise lakes in the valleys; the rarest trees; the planet; the arrayanes; Each town in this region; a different kind of experience; the gateway to Argentina; s first national park; the world-famous serpentine Ruta; Siete Lagos; Seven Lakes route; top tourist centres; an advanced infrastructure; year-round activities; a smaller version of Bariloche; equally high levels; the laid-back member of this mountainous triumvirate; the influence of the hippie squatters; creating an ecological haven
0	Jes	##nature	%% MisionesWelcome to the jungleIn; the extreme north-east of Argentina; dense forests; a monotony of lush green; Its sub-tropical topography; its culture; indigenous and immigrant influences; its soil; rustic lodges; dark interior exerts; an irresistible magnetism
0	Pinamar	##nature	%% set amid a pine forestA; four-hour hop from the capital; a summertime playground of the smart set; the area; its winter slumbers; the dunes; forest spring; the crowded resort; fight for a patch; the height; the Costa Verde; Green Coast; the area; a much classier affair; extending to 300 metres; providing ample space; enduring conundrum; advantage of 15 hours; daily summer sun; blustery winter walks on deserted beaches; followed by tea; roaring log fire
0	central Mendoza	##nature	%% this serene country house; a spectacular view; Cecilia D; az Chuit; s owner; high-end international hotel chains; launching her own elegant enterprise; the wine expert; 14 hectares of bonarda vines; an underground cava; the grape; a vino-therapy bath; grape-seed exfoliation in the spa; a complimentary massage; The private caba; alfresco shower
0	CoastPinamar	##nature	%% set amid a pine forestA; four-hour hop from the capital; the towns of Pinamar; a summertime playground of the smart set; the area; its winter slumbers; the dunes; forest spring; the crowded resort; fight for a patch; the height; the Costa Verde; Green Coast; the area; a much classier affair; extending to 300 metres; providing ample space; enduring conundrum; advantage of 15 hours; daily summer sun; blustery winter walks on deserted beaches; followed by tea; roaring log fire
0	Patagonia	##nature	%% remote town in the province; the base for visitors; most famous glacier; the most wildly impressive landscapes; Seen from afar; the chance; translucent bulk at close range; its frozen walls; a boat; the nearby walkway; even standing; a visit; a base; other lesser-known glaciers; the deserted mountains; the immensity; the steppe; the main attraction for most visitors; the celestial radiance of the glaciers
0	Mercedes	##nature	%% the 90-minute flight from the capital; driving on dirt roads; the biggest challenge; A taxi ride along the 110 kilometres; two hours; The journey; least three hours; the buses; to breaking; a return service from Carlos Pellegrini; a back-up option
0	RestaurantsTinto Bistro	##nature	%% being the restaurant; owned by Princess M; eclectic dishes with Asian and Mediterranean influences; The restaurant; the best gourmet experience in town; an ample wine selection; the fusion dishes
0	HotelsEstancia la Paz	##nature	%% the rural retreat of Argentinian president Julio Argentino Roca; an opulent 20-room hotel; The history of its former owner; an irony to the name; the peace; the massacre of innumerable indigenous Patagonians; Campaign of the Desert; the grounds; strolling around the 70-hectare park; the usual luxuries; two polo fields; a few horses
0	CityBuenos AiresA European-style metropolis	##nature	%% your tango fix at practically; any hour; the most ardent carnivore reach for a salad; Cups overflow with wine; River Plate matches; two left feet; no interest in spectator sports; the Argentinian capital; the iconic landmarks of Paris; its visual delights; Being in the city; visiting the world; largest film set; filled with intriguing details; unforgettable scenery; a fascinating cast
0	Aeropuerto Internacional Bariloche	##nature	%% flights throughout the year; a 22-hour trip; winter sports; the summer months; hiking in the national parks
0	LAN	##nature	%% a day to Puerto Iguaz; the latter tends; the 18-hour trip to Puerto Iguaz; a bus trip; a visa; visit to Iguaz; any time; the milder months; April to June; a far more pleasant stroll through the trails; the rainy season; its torrential best; January to March; plenty of wildlife
0	Alicia	##nature	%% a recent arrival in Tigre; the five suites; a scenic pool-view patio; eclectic art; tasteful furnishings; Ask for the Victoria Suite; massive bathroom raise; a notch above the other rooms
0	Andean cultureSalta	##nature	%% colonial towns; every pampas/glass-lake stereotype of Argentina; the water; the familiar tapestry of the country; s European heritage; the land; polychromatic ponchos; the ancient cultures of the Andean peoples; the nation; oldest remnants; heart-rending folklore ballads; wood churches; The city of Salta; its slow pace; colonial architecture; surrounded by places; offering every imaginable adventure sport
0	Time Out Digital Ltd. All rights	##nature	%% 2016 Time Out Group Ltd; All material on this site
0	MisionesWelcome	##nature	%% the extreme north-east of Argentina; dense forests; a monotony of lush green; Its sub-tropical topography; its culture; indigenous and immigrant influences; its soil; rustic lodges; dark interior exerts; an irresistible magnetism
0	Avenida C	##nature	%% a day to Puerto Iguaz; the latter tends; the 18-hour trip to Puerto Iguaz; a bus trip; a visa
0	thereBoth Aerolineas Argentinas	##nature	%% flights throughout the year; a 22-hour trip; winter sports; the summer months; hiking in the national parks
0	Sierras de C	##nature	%% made for relaxation; a porte; the sierras; the Argentinian imagination; the province; s capital city of C; these hills; the caba; the roadsides in the Valle de Punilla; the province; marvel at the majestic Sierra Grande; the Valle; the hills; the ends; nameless rock-strewn roads; wonderful Cordob; s hospitality; delicious food await in estancias; relaxing an environment
0	Tom	##nature	%% quaking with fear; a href=; a href=https; a pan of water
0	RestaurantsLa Querencia	##nature	%% Famous restaurants; the time; the tenth person; no one; eating at La Querencia; No chance; a terrific parrilla; bringing patrons; the chicken galeto; stuffed thigh; breast with parma ham; roast pepper; a huge spit
0	jovial German owner Bernardo	##nature	%% its pleasant grounds; a great place; life in the green sierras; well-maintained cottages; scattered throughout the wooded property sleep; eight people; an excellent cook; producing wholesome German dishes; pork with sauerkraut; his home; the evenings; Depending on the season; the chance; local jabal; possibly skewered by your host
0	Jeff Thatcher	##nature	%% a href=; a href=http
0	Pampas	##nature	%% set amid a pine forestA; four-hour hop from the capital; the towns of Pinamar; a summertime playground of the smart set; the area; its winter slumbers; the dunes; forest spring; the crowded resort; fight for a patch; the height; the Costa Verde; Green Coast; the area; a much classier affair; extending to 300 metres; providing ample space; enduring conundrum; advantage of 15 hours; daily summer sun; blustery winter walks on deserted beaches; followed by tea; roaring log fire
0	La Querencia	##nature	%% Famous restaurants; the time; the tenth person; no one; No chance; a terrific parrilla; bringing patrons; the chicken galeto; stuffed thigh; breast with parma ham; roast pepper; a huge spit
0	La Veloz	##nature	%% bus services from Salta; various destinations; numerous daily flights from Salta; Aerolineas Argentinas
0	Princess M	##nature	%% being the restaurant; eclectic dishes with Asian and Mediterranean influences; The restaurant; the best gourmet experience in town; an ample wine selection; the fusion dishes
0	Retiro station	##nature	%% several daily bus services to Mercedes; the 90-minute flight from the capital; driving on dirt roads; Getting from Mercedes; the biggest challenge; A taxi ride along the 110 kilometres; two hours; office at the Mercedes bus station; bus services from Mercedes; The journey; least three hours; the buses; to breaking; a return service from Carlos Pellegrini; a back-up option
0	Loi Suites Iguaz	##nature	%% Hidden in the Iryap; connected to Parque Nacional Iguaz; five buildings; suspended bridges; elevated walkways; dirt paths; The wildlife; even seen from inside; the hotel; 154 elegantly-styled rooms with jungle views; eight beautiful villas with outdoor jacuzzi tubs; views of the R
0	Tinto Bistro	##nature	%% being the restaurant; owned by Princess M; eclectic dishes with Asian and Mediterranean influences; The restaurant; the best gourmet experience in town; an ample wine selection; the fusion dishes
0	s Pantanal	##nature	%% The pit; this natural orchestra plays; the second-largest wetland in the world; part of the main stream; terrain of lakes; The reserve; asphalt roads; reliable mobile-phone coverage; its virtues
0	Bjorn	##nature	%% The latest project from Argentinian/Swedish owners Alicia; a recent arrival in Tigre; the five suites; a scenic pool-view patio; eclectic art; tasteful furnishings; Ask for the Victoria Suite; massive bathroom raise; a notch above the other rooms
0	zimmerman fund	##nature	%% the drain; the kitchen andthen; the pantry; a href=; a href=http
0	Jujuy	##nature	%% colonial towns; every pampas/glass-lake stereotype of Argentina; the water; the familiar tapestry of the country; s European heritage; the land; polychromatic ponchos; the ancient cultures of the Andean peoples; the nation; oldest remnants; heart-rending folklore ballads; wood churches; The city of Salta; its slow pace; colonial architecture; surrounded by places; offering every imaginable adventure sport
0	/a	##nature	%% a href=; a href=
0	Phat Catz	##nature	%% the bottom of a well; a href=
0	Buenos	##nature	%% A diverse wonderland
0	n Miguel de G	##nature	%% appealing blend of history; untainted beauty; this 400-year-old estancia belongs to the Arias family; descendants of Salta; Built in adobe; the beautiful house; decorated with 17th- and 18th-century paintings; the pool; the local colony of yacaras; an ideal base; the whole region; all meals; excellent value; 60km NE of Salta
0	City	##nature	%% your tango fix at practically; any hour; the most ardent carnivore reach for a salad; Cups overflow with wine; River Plate matches; two left feet; no interest in spectator sports; the Argentinian capital; the iconic landmarks of Paris; its visual delights; Being in the city; visiting the world; largest film set; filled with intriguing details; unforgettable scenery; a fascinating cast
0	outside San Luis	##nature	%% its pleasant grounds; a great place; life in the green sierras; well-maintained cottages; scattered throughout the wooded property sleep; eight people; an excellent cook; producing wholesome German dishes; pork with sauerkraut; his home; the evenings; Depending on the season; the chance; local jabal; possibly skewered by your host
0	the R	##nature	%% up-and-coming city on the banks; Rosario as a mini Buenos Aires; its biggest asset; the capital; its waterways; its riverside location; the tea-coloured R; a menu centrepiece; a hasty afterthought; all parts of a cow; the city; being the birthplace of both Che Guevara; the nation; s flag; The city; having a thriving arts scene; a lively nightlife; the country; most beautiful women
0	Coronel Rosales	##nature	%% a modern airport; most visitors; A smaller number arrives by car; the north
0	Rosario	##nature	%% up-and-coming city on the banks; its biggest asset; the capital; its waterways; its riverside location; the tea-coloured R; a menu centrepiece; a hasty afterthought; all parts of a cow; the city; being the birthplace of both Che Guevara; the nation; s flag; The city; having a thriving arts scene; a lively nightlife; the country; most beautiful women
0	HotelsThe Cocker	##nature	%% Set in a grand and beautiful old house; blazing a trail; the most original and finest boutique establishments; a grand piano; a series of leafy roof gardens; The name; the former owners; cocker spaniel
0	the Cataratas	##nature	%% the top; the list; towering mass of spray; straddling two countries amid 2,250 square kilometres; Some 275 waterfalls; this stretch of river; its largest and most dramatic conjunction; the water; resulting spray rises for so many metres; a distance; the falls; two directions; refers to the attraction; its entirety; a small town; national park on each side; the falls; the Argentinian side; a surprisingly tasteful answer to a typical tourist town; a few kilometres; share of the legendary falls; the Brazilian slice of the waterworks
0	August	##nature	%% cold between June; the weekend; some space on Florida beach; set amid a pine forestA; four-hour hop from the capital; the towns of Pinamar; a summertime playground of the smart set; the area; its winter slumbers; the dunes; forest spring; the crowded resort; fight for a patch; the height; the Costa Verde; Green Coast; the area; a much classier affair; extending to 300 metres; providing ample space
0	Muff Potter	##nature	%% anybody tells; a href=; sentient health; a href=http; payday loans; the like intent
0	HotelsLa Confluencia Lodge	##nature	%% Nestled among forests; intimate wooden eco-lodge; the perfect place; the natural world; The rooms; the emphasis; the communal areas; the large lounge; the reading spaces; the outdoor deck; overlooking the R; The lodge; a spa; log-fired saunas; outdoor hot tubs; overlooked by the snow-covered mountains
0	Romanesque Bodega Escorihuela	##nature	%% s restaurant; Argentinian haute cuisine on the map; salted chicken; baked in mud ovens; an impressive 36-page wine list; The whole place; an upbeat; the flavours; your meal with a tour; the bodega; art gallery
0	RestaurantsLa Tablita	##nature	%% the best known; the town; tender meat; the red and white variety; salmon dishes; complemented by a very good wine list; the home-made Calafate berry ice-cream
0	Glaciar Perito Moreno	##nature	%% Dramatic landscapesEl CalafateJaw-dropping glaciers amid the Patagonian wildernessEl Calafate; remote town in the province; the base for visitors; most famous glacier; the most wildly impressive landscapes; Seen from afar; the chance; translucent bulk at close range; its frozen walls; a boat; the nearby walkway; even standing; a visit; a base; other lesser-known glaciers; the deserted mountains; traditional Patagonian estancias; the immensity; the steppe; the main attraction for most visitors; the celestial radiance of the glaciers
0	El Dorado	##nature	%% A five-star beach club with a fine sea view; its attention; extremely high level of service; career waiters; attending to your every whim; fresh seafood; fish and red meats; modern interior; A comprehensive wine list; headed by El Esteco bodega; an excellent gastronomic experience
0	El Plumerillo	##nature	%% s airport; regular connections to Buenos Aires; neas Argentinas; daily buses from Mendoza; Acceso Este; dry summers with wetter winters; Average temperatures for January; C during the day; C at night; Temperatures for July; C by day; C at night
0	Santa Cruz	##nature	%% Dramatic landscapesEl CalafateJaw-dropping glaciers amid the Patagonian wildernessEl Calafate; remote town in the province; the base for visitors; most famous glacier; the most wildly impressive landscapes; Seen from afar; the chance; translucent bulk at close range; its frozen walls; a boat; the nearby walkway; even standing; a visit; a base; other lesser-known glaciers; the deserted mountains; traditional Patagonian estancias; the immensity; the steppe; the main attraction for most visitors; the celestial radiance of the glaciers
0	RosarioAn	##nature	%% up-and-coming city on the banks; Rosario as a mini Buenos Aires; its biggest asset; the capital; its waterways; its riverside location; the tea-coloured R; a menu centrepiece; a hasty afterthought; all parts of a cow; the city; being the birthplace of both Che Guevara; the nation; s flag; The city; having a thriving arts scene; a lively nightlife; the country; most beautiful women
0	Argentinas	##nature	%% The airport; 13 kilometres from the centre; cold between June; the weekend; some space on Florida beach
0	Coast	##nature	%% set amid a pine forestA; four-hour hop from the capital; the towns of Pinamar; a summertime playground of the smart set; the area; its winter slumbers; the dunes; forest spring; the crowded resort; fight for a patch; the height; the Costa Verde; the area; a much classier affair; extending to 300 metres; providing ample space; enduring conundrum; advantage of 15 hours; daily summer sun; blustery winter walks on deserted beaches; followed by tea; roaring log fire
0	the Time Out shop	##nature	%% perfect places
0	opposite El Calafate bridge	##nature	%% a modern airport; most visitors; A smaller number arrives by car; the north
0	Godoy Cruz	##nature	%% s airport; regular connections to Buenos Aires; neas Argentinas; daily buses from Mendoza; Acceso Este
0	Weile damit	##nature	%% an dem Gefangenen einen Teilseines Zornes auszulassen; den seine; a href=; a href=http; //onlinekredit2014.tumblr.com Katastrophe
0	Phat Catz online casino promotion http	##nature	%% the bottom of a well; a href=
0	Estancia la Paz	##nature	%% the rural retreat of Argentinian president Julio Argentino Roca; an opulent 20-room hotel; The history of its former owner; an irony to the name; the peace; the massacre of innumerable indigenous Patagonians; Campaign of the Desert; the grounds; strolling around the 70-hectare park; the usual luxuries; two polo fields; a few horses
0	Ezeiza	##nature	%% Getting thereAll international flights; 45 minutes by taxi; the city centre; Aeroparque Internacional Jorge Newberry; to goSpring; October to December; April to June; any time; a day; solid downpour
0	the Valle de Punilla	##nature	%% the caba; the province; marvel at the majestic Sierra Grande; the Valle; the hills; the ends; nameless rock-strewn roads; wonderful Cordob; s hospitality; delicious food await in estancias; relaxing an environment
0	QuijadasDramatic	##nature	%% red canyons; an ideal one- or two-night stopover on the way; its stunning landscapes; friendly city; a lot; a detour; A barely noticeable jagged ridge on the horizon; the majesty awaiting visitors; this mass of rock; the ground; allowing water; a network; burnt-red canyons; the park; rising land; the Potrero de; a basin; dry river beds; surrounded by cliff walls; temple-like rock formations
0	Mar de	##nature	%% set amid a pine forestA; four-hour hop from the capital; the towns of Pinamar; a summertime playground of the smart set; the area; its winter slumbers; the dunes; forest spring; the crowded resort; fight for a patch; the height; the Costa Verde; Green Coast; the area; a much classier affair; extending to 300 metres; providing ample space; enduring conundrum; advantage of 15 hours; daily summer sun; blustery winter walks on deserted beaches; followed by tea; roaring log fire
0	the Upsala	##nature	%% a base; other lesser-known glaciers; the deserted mountains; traditional Patagonian estancias; the immensity; the steppe; the main attraction for most visitors; the celestial radiance of the glaciers
0	Centro Pellegrini	##nature	%% The trip between the cities; 30 minutes by bus; 30 minutes by train
0	Parque Sierra	##nature	%% red canyons; an ideal one- or two-night stopover on the way; its stunning landscapes; friendly city; a lot; a detour; A barely noticeable jagged ridge on the horizon; the majesty awaiting visitors; this mass of rock; the ground; allowing water; a network; burnt-red canyons; the park; rising land; the Potrero de; a basin; dry river beds; surrounded by cliff walls; temple-like rock formations
0	kgb	##nature	%% a href=; a href=http; //comdes.info/2KAeBA5kvdR8cf.htm midland
0	HotelsPosada de	##nature	%% The pick of the accommodation; a country lodge; the lake; Set in a spacious private park; the property; vine-covered buildings; one housing; a comfortable living room; dining area; the other offering; a colonnaded veranda; Between motor launch; kayak excursions on the lake; a dip in the pool; bird-watch from a hammock; the veranda; many other species; strut around the park
0	Tilcara	##nature	%% Offering a perfect blend of local atmosphere; fantastic food; this place; the tourist hordes; the corner; s second plaza; The rustic wooden floor; the gourmet delights; created by the imaginative chef; Local ingredients; delicious traditional dishes; many evenings; the bar; a duo of folk musicians; an Andean nirvana
0	C	##nature	%% the eighth biggest country in the world; the most diverse places; dramatic glaciers; mammoth mountains; dune-dotted beaches; shockingly turquoise lakes; chosen the most inspiring destinations across Argentina; including the Vineyards in Mendoza; towering waterfalls of Iguaz; the awe; the most appealing hotels; your tango fix at practically; any hour; the most ardent carnivore reach for a salad; River Plate matches; two left feet; no interest in spectator sports; the Argentinian capital
0	Gefangenen einen Teilseines Zornes auszulassen	##nature	%% sich eine Weile damit; den seine; a href=; a href=http; //onlinekredit2014.tumblr.com Katastrophe
0	both Aerol	##nature	%% a day to Puerto Iguaz; the latter tends; the 18-hour trip to Puerto Iguaz; a bus trip; a visa; visit to Iguaz; any time; the milder months; April to June; a far more pleasant stroll through the trails; the rainy season; its torrential best; January to March; plenty of wildlife
0	Yacutinga	##nature	%% a labour of love; a lodging; a huge private reserve; A range of all-action programmes; a two-nighter; the highlight; empty river; the glittering waters; the top shelf; the zeal; expertise of its staff
0	Villa La AngosturaPatagonia	##nature	%% districtThe massive national parkland; surrounding the towns of San Carlos de Bariloche; natural Andean drama in its rawest form; Standing thousands of metres; the plains; the higher summits of ice-capped volcanoes; glacial spring water; turquoise lakes in the valleys; the rarest trees; the planet; the arrayanes; Each town in this region; a different kind of experience; the gateway to Argentina; s first national park; the world-famous serpentine Ruta; Siete Lagos; Seven Lakes route; top tourist centres; an advanced infrastructure; year-round activities; a smaller version of Bariloche; equally high levels; the laid-back member of this mountainous triumvirate; the influence of the hippie squatters; creating an ecological haven
0	Time Out shop	##nature	%% perfect places
0	Carlos Pellegrini	##nature	%% The pick of the accommodation; a country lodge; the lake; Set in a spacious private park; the property; vine-covered buildings; one housing; a comfortable living room; dining area; the other offering; a colonnaded veranda; Between motor launch; kayak excursions on the lake; a dip in the pool; bird-watch from a hammock; the veranda; many other species; strut around the park
0	RestaurantsLos Robles	##nature	%% a bastion of excellence; its direction; a recommendation; a faultless parrilla; a selection; a fantastic seafood casserole; The temperature-controlled wine cellar; the best selection in San Luis; some excellent vintages
0	Parque Nacional Iguaz	##nature	%% refers to the attraction; its entirety; a small town; national park on each side; the falls; the Argentinian side; a surprisingly tasteful answer to a typical tourist town; a few kilometres; share of the legendary falls; the Brazilian slice of the waterworks
0	March	##nature	%% cold between June; the weekend; some space on Florida beach; set amid a pine forestA; four-hour hop from the capital; the towns of Pinamar; a summertime playground of the smart set; the area; its winter slumbers; the dunes; forest spring; the crowded resort; fight for a patch; the height; the Costa Verde; Green Coast; the area; a much classier affair; extending to 300 metres; providing ample space
0	Katastrophe	##nature	%% sich eine Weile damit; an dem Gefangenen einen Teilseines Zornes auszulassen; den seine; a href=; a href=http
0	Tilcara Lavalle	##nature	%% bus services from Salta; various destinations
0	San Temlo	##nature	%% Set in a grand and beautiful old house; blazing a trail; the most original and finest boutique establishments; a grand piano; a series of leafy roof gardens; The name; the former owners; cocker spaniel
0	Great list	##nature	%% the capital Buenos
0	Phat Catz merkur casino	##nature	%% a href=; novomatic online casino; online http
0	Las Lanzas	##nature	%% appealing blend of history; untainted beauty; this 400-year-old estancia belongs to the Arias family; descendants of Salta; Built in adobe; the beautiful house; decorated with 17th- and 18th-century paintings; the pool; the local colony of yacaras; an ideal base; the whole region; all meals; excellent value
0	Monica	##nature	%% Run by the eager-to-help Oliver; s best home-from-home experience; Lungomare Trieste; the name of the street; lived in southern Italy; the European heritage doesn; the house; Catalan in style; The five bedrooms; come with private bathrooms; a small roof terrace with a pileta
0	Avenida Bunge	##nature	%% the coast on its doorstep; outdoor pools; situated just a few metres; an excellent modern European restaurant; beauty treatments; Many rooms; scene-stealing sea views; hot tubs
0	Socorro	##nature	%% an estancia; minor masterpieces; rustic cuisine; the plate; several daily bus services to Mercedes; the 90-minute flight from the capital; driving on dirt roads
0	Roaring waterfalls	##nature	%% the top; the list; towering mass of spray; straddling two countries amid 2,250 square kilometres; Some 275 waterfalls; this stretch of river; its largest and most dramatic conjunction; the water; resulting spray rises for so many metres; a distance; the falls; two directions; refers to the attraction; its entirety; a small town; national park on each side; the falls; the Argentinian side; a surprisingly tasteful answer to a typical tourist town; a few kilometres; share of the legendary falls; the Brazilian slice of the waterworks
0	Nearby San Luis	##nature	%% a lively provincial capital; the gateway; the park
0	the Costa Verde isn	##nature	%% enduring conundrum; advantage of 15 hours; daily summer sun; blustery winter walks on deserted beaches; followed by tea; roaring log fire
0	HotelsCavas Wine Lodge	##nature	%% A 20-minute drive from central Mendoza; this serene country house; a spectacular view; Cecilia D; az Chuit; s owner; high-end international hotel chains; launching her own elegant enterprise; the wine expert; 14 hectares of bonarda vines; an underground cava; the grape; a vino-therapy bath; grape-seed exfoliation in the spa; a complimentary massage; The private caba; alfresco shower
0	Paran	##nature	%% up-and-coming city on the banks; Rosario as a mini Buenos Aires; its biggest asset; the capital; its waterways; its riverside location; the tea-coloured R; a menu centrepiece; a hasty afterthought; all parts of a cow; the city; being the birthplace of both Che Guevara; the nation; s flag; The city; having a thriving arts scene; a lively nightlife; the country; most beautiful women
0	Posadas Bol	##nature	%% two international airports; neas Argentinas; a number; a Bariloche; 18 hours
0	the Sierra Chica	##nature	%% the caba; the roadsides in the Valle de Punilla; the province; marvel at the majestic Sierra Grande; the Valle; the hills; the ends; nameless rock-strewn roads; wonderful Cordob; s hospitality; delicious food await in estancias; relaxing an environment
0	natural Andean drama	##nature	%% districtThe massive national parkland; surrounding the towns of San Carlos de Bariloche; Standing thousands of metres; the plains; the higher summits of ice-capped volcanoes; glacial spring water; turquoise lakes in the valleys; the rarest trees; the planet; the arrayanes; Each town in this region; a different kind of experience; the gateway to Argentina; s first national park; the world-famous serpentine Ruta; Siete Lagos; Seven Lakes route; top tourist centres; an advanced infrastructure; year-round activities; a smaller version of Bariloche; equally high levels; the laid-back member of this mountainous triumvirate; the influence of the hippie squatters; creating an ecological haven
0	June	##nature	%% to goSpring; October to December; any time; a day; solid downpour; up-and-coming city on the banks; Rosario as a mini Buenos Aires; its biggest asset; the capital; its waterways; its riverside location; the tea-coloured R; a menu centrepiece; a hasty afterthought; all parts of a cow
0	Plaza	##nature	%% several daily services from Retiro bus station; a five-hour trip by coach; a taxi ride from there; Flights from Aeroparque Jorge Newbery; the summer; C during the summer months; water-sport activities; the beach; July to September; blustery beach walks
0	MendozaA land	##nature	%% the valleys; The province ranks; the country; s primary wine-producing region; surrounding region aren; The mountains; the top; the continent; highest peak; ambling on horseback; the peaceful valleys; rushing waters of the R
0	Retiro bus station	##nature	%% a five-hour trip by coach; a taxi ride from there; Flights from Aeroparque Jorge Newbery; the summer; C during the summer months; water-sport activities; the beach; July to September; blustery beach walks
0	Avenida Espa	##nature	%% Getting thereA number of bus companies; services between Buenos Aires; other destinations; 30 minutes from Buenos Aires; three hours from Mendoza; one flight per day; s airport; Avenida Fuerza A; neas Argentinas; a dry continental climate; The best times to visit; October to December; April to June; the park
0	Paseo Victorica	##nature	%% Getting thereTake city bus number; n in Buenos Aires; a 90-minute ride; the city; the Mitre line train from Retiro; Monday to Saturday; A more scenic rail option; a coastal light railway; the town; travels through the upscale riverside; north of Buenos Aires; terminating in Tigre
0	Phobeg	##nature	%% tarzan with the savage; a href=; payday loans; instant payday loans
0	RestaurantsLa Estancia	##nature	%% most famous parrilla; more the real deal than its touristy porte; the occasional celebrity; a great place; the reverence
0	Iber	##nature	%% A watery wonderland; brimming with biodiversityYou; peace in Esteros; The air; a rich and raucous polyphony; the concerted effort; dozens of rare and exotic species; The pit; this natural orchestra plays; the second-largest wetland in the world; part of the main stream; terrain of lakes; The reserve; asphalt roads; reliable mobile-phone coverage; its virtues
0	HotelsHotel Villa Victoria	##nature	%% The latest project from Argentinian/Swedish owners Alicia; a recent arrival in Tigre; the five suites; a scenic pool-view patio; eclectic art; tasteful furnishings; Ask for the Victoria Suite; massive bathroom raise; a notch above the other rooms
0	London	##nature	%% the iconic landmarks of Paris; its visual delights; Being in the city; visiting the world; largest film set; filled with intriguing details; unforgettable scenery; a fascinating cast
0	Celebrity chef Francis Mallman	##nature	%% s restaurant; Argentinian haute cuisine on the map; salted chicken; baked in mud ovens; an impressive 36-page wine list; The whole place; an upbeat; the flavours; your meal with a tour; the bodega; art gallery
0	Ag	##nature	%% A barely noticeable jagged ridge on the horizon; the majesty awaiting visitors; this mass of rock; the ground; allowing water; a network; burnt-red canyons; the park; rising land; the Potrero de; a basin; dry river beds; surrounded by cliff walls; temple-like rock formations; a lively provincial capital; the gateway; the park
0	HotelsLoi Suites Iguaz	##nature	%% Hidden in the Iryap; connected to Parque Nacional Iguaz; five buildings; suspended bridges; elevated walkways; dirt paths; The wildlife; even seen from inside; the hotel; 154 elegantly-styled rooms with jungle views; eight beautiful villas with outdoor jacuzzi tubs; views of the R
0	RestaurantsIl Novo Mar	##nature	%% a del Luj; Situated along the R; a crumbling; the most noteworthy eaterie in town; a grand family estate; the luxurious riverside restaurant; an atmospheric interior; the spacious patio; the crowds; The upscale but inexpensive cuisine; traditional Argentinian fare; The wine list
0	the Iryap	##nature	%% connected to Parque Nacional Iguaz; five buildings; suspended bridges; elevated walkways; dirt paths; The wildlife; even seen from inside; the hotel; 154 elegantly-styled rooms with jungle views; eight beautiful villas with outdoor jacuzzi tubs; views of the R; no number
0	Palermo Viejo Fitz Roy	##nature	%% Getting thereAll international flights; 45 minutes by taxi; the city centre; Aeroparque Internacional Jorge Newberry
0	Rome Guide	##nature	%% the site |
0	January	##nature	%% enduring conundrum; advantage of 15 hours; daily summer sun; blustery winter walks on deserted beaches; followed by tea; roaring log fire
0	Colonia Carlos Pellegrini	##nature	%% an estancia; minor masterpieces; rustic cuisine; the plate
0	Aeropuerto Ministro Pistarini	##nature	%% Getting thereAll international flights; 45 minutes by taxi; the city centre; Aeroparque Internacional Jorge Newberry; to goSpring; October to December; April to June; any time; a day; solid downpour
0	Phat Catz deutsche online casino	##nature	%% the bottom of a well; a href=
0	San Luis Col	##nature	%% Getting thereA number of bus companies; services between Buenos Aires; other destinations; 30 minutes from Buenos Aires; three hours from Mendoza; one flight per day; s airport; Avenida Fuerza A; neas Argentinas
0	zweuvnia	##nature	%% a href=; a href=http
0	El Bols	##nature	%% districtThe massive national parkland; surrounding the towns of San Carlos de Bariloche; natural Andean drama in its rawest form; Standing thousands of metres; the plains; the higher summits of ice-capped volcanoes; glacial spring water; turquoise lakes in the valleys; the rarest trees; the planet; the arrayanes; Each town in this region; a different kind of experience; the gateway to Argentina; s first national park; the world-famous serpentine Ruta; Siete Lagos; Seven Lakes route; top tourist centres; an advanced infrastructure; year-round activities; a smaller version of Bariloche; equally high levels; the laid-back member of this mountainous triumvirate; the influence of the hippie squatters; creating an ecological haven
0	Azul	##nature	%% Nestled among forests; intimate wooden eco-lodge; the perfect place; the natural world; The rooms; the emphasis; the communal areas; the large lounge; the reading spaces; the outdoor deck; overlooking the R; The lodge; a spa; log-fired saunas; outdoor hot tubs; overlooked by the snow-covered mountains
0	Valeria	##nature	%% set amid a pine forestA; four-hour hop from the capital; the towns of Pinamar; a summertime playground of the smart set; the area; its winter slumbers; the dunes; forest spring; the crowded resort; fight for a patch; the height; the Costa Verde; Green Coast; the area; a much classier affair; extending to 300 metres; providing ample space; enduring conundrum; advantage of 15 hours; daily summer sun; blustery winter walks on deserted beaches; followed by tea; roaring log fire
0	zimmerman https	##nature	%% the drain; the kitchen andthen; the pantry; a href=; a href=http
0	RestaurantsEl Dorado	##nature	%% A five-star beach club with a fine sea view; its attention; extremely high level of service; career waiters; attending to your every whim; fresh seafood; fish and red meats; modern interior; A comprehensive wine list; headed by El Esteco bodega; an excellent gastronomic experience
0	Lacks Pugnacity Primitive things	##nature	%% a href=; a href=http; //vitalonlineadvanceloans.com/ Jeff Thatcher
0	zimmerman	##nature	%% an unknown huntsman; a href=; a href=http; this kindred world
0	Terrazas al Mar	##nature	%% the coast on its doorstep; outdoor pools; situated just a few metres; buzzing Avenida Bunge; an excellent modern European restaurant; beauty treatments; Many rooms; scene-stealing sea views; hot tubs
0	zacharias	##nature	%% a href=; a href=http; //gordobro.xyz/qn2vwbg1yzpvc1o4.htm ifshe
0	the Andean cordillera	##nature	%% Rural escapesLas Sierras de C; made for relaxation; a porte; the sierras; the Argentinian imagination; the province; s capital city of C; these hills; the caba; the roadsides in the Valle de Punilla; the province; marvel at the majestic Sierra Grande; the Valle; the hills; the ends; nameless rock-strewn roads; wonderful Cordob; s hospitality; delicious food await in estancias; relaxing an environment
0	Flechabus	##nature	%% bus services from Salta; various destinations; numerous daily flights from Salta; Aerolineas Argentinas
0	Posada de	##nature	%% The pick of the accommodation; a country lodge; the lake; Set in a spacious private park; the property; vine-covered buildings; one housing; a comfortable living room; dining area; the other offering; a colonnaded veranda; Between motor launch; kayak excursions on the lake; a dip in the pool; bird-watch from a hammock; the veranda; many other species; strut around the park
0	Laguna	##nature	%% The pick of the accommodation; a country lodge; the lake; Set in a spacious private park; the property; vine-covered buildings; one housing; a comfortable living room; dining area; the other offering; a colonnaded veranda; Between motor launch; kayak excursions on the lake; a dip in the pool; bird-watch from a hammock; the veranda; many other species; strut around the park
0	CalafateJaw-dropping glaciers	##nature	%% remote town in the province; the base for visitors; most famous glacier; the most wildly impressive landscapes; Seen from afar; the chance; translucent bulk at close range; its frozen walls; a boat; the nearby walkway; even standing; a visit; a base; other lesser-known glaciers; the deserted mountains; traditional Patagonian estancias; the immensity; the steppe; the main attraction for most visitors; the celestial radiance of the glaciers
0	Paris	##nature	%% its visual delights; Being in the city; visiting the world; largest film set; filled with intriguing details; unforgettable scenery; a fascinating cast
0	Caril	##nature	%% set amid a pine forestA; four-hour hop from the capital; the towns of Pinamar; a summertime playground of the smart set; the area; its winter slumbers; the dunes; forest spring; the crowded resort; fight for a patch; the height; the Costa Verde; Green Coast; the area; a much classier affair; extending to 300 metres; providing ample space; enduring conundrum; advantage of 15 hours; daily summer sun; blustery winter walks on deserted beaches; followed by tea; roaring log fire
0	HotelsEl Bordo	##nature	%% appealing blend of history; untainted beauty; this 400-year-old estancia belongs to the Arias family; descendants of Salta; Built in adobe; the beautiful house; decorated with 17th- and 18th-century paintings; the pool; the local colony of yacaras; an ideal base; the whole region; all meals; excellent value
0	Hidden	##nature	%% connected to Parque Nacional Iguaz; five buildings; suspended bridges; elevated walkways; dirt paths; The wildlife; even seen from inside; the hotel; 154 elegantly-styled rooms with jungle views; eight beautiful villas with outdoor jacuzzi tubs; views of the R; no number
0	the World group	##nature	%% the style; a Patagonian ranch; this member of the Small Luxury Hotels; a decor of exposed stone walls; An observatory; a feng-shui spa; a gourmet restaurant; large-windowed suites; Its location; the centre; a bonus; the most interesting twist; the hotel; s power couple; Cristina Kirchner; the former and current president
0	Corrientes province	##nature	%% The pit; this natural orchestra plays; the second-largest wetland in the world; part of the main stream; terrain of lakes; The reserve; asphalt roads; reliable mobile-phone coverage; its virtues
0	HotelsCasa Los Sauces	##nature	%% the style; a Patagonian ranch; this member of the Small Luxury Hotels; a decor of exposed stone walls; An observatory; a feng-shui spa; a gourmet restaurant; large-windowed suites; Its location; the centre; a bonus; the most interesting twist; the hotel; s power couple; Cristina Kirchner; the former and current president
0	Thi	##nature	%% a great success on the overcrowded Palermo; The secret recipe; s simple; good-quality food; the throngs; queuing on the pavement
0	Alejandra	##nature	%% Run by the eager-to-help Oliver; s best home-from-home experience; Lungomare Trieste; the name of the street; lived in southern Italy; the European heritage doesn; the house; Catalan in style; The five bedrooms; come with private bathrooms; a small roof terrace with a pileta
0	RestaurantsLa Rueda	##nature	%% the restaurant that locals; the menu; the standard Argentinian meats; the excellent river fish; nearby tropical waters; the main draw
0	Colonia Andresito	##nature	%% 60km E of Puerto Iguaz
0	Uruguay	##nature	%% Getting thereAll international flights; 45 minutes by taxi; the city centre; Aeroparque Internacional Jorge Newberry; to goSpring; October to December; April to June; any time; a day; solid downpour
0	Atlantic rainforest	##nature	%% a labour of love; a lodging; a huge private reserve; A range of all-action programmes; a two-nighter; the highlight; empty river; the glittering waters; really lifts Yacutinga; the top shelf; the zeal; expertise of its staff; 60km E of Puerto Iguaz
0	San Luis	##nature	%% a lively provincial capital; the gateway; the park
0	Esteros	##nature	%% A watery wonderland; brimming with biodiversityYou; The air; a rich and raucous polyphony; the concerted effort; dozens of rare and exotic species; The pit; this natural orchestra plays; the second-largest wetland in the world; part of the main stream; terrain of lakes; The reserve; asphalt roads; reliable mobile-phone coverage; its virtues
0	RestaurantsRinc	##nature	%% an estancia; minor masterpieces; rustic cuisine; the plate; several daily bus services to Mercedes; the 90-minute flight from the capital; driving on dirt roads
0	Time Out guidebooksArgentina	##nature	%% perfect places; 30 standout destinations in these dramatically varied countries; the lovliest hotels; best restaurants; most compelling landscapes; The book; an extensive insiders; guide to Buenos Aires; idyllic beaches; traditional gaucho towns; highlights of the Patagonian wilderness; Providing both information; Time Out Argentina; the perfect accompaniment to your South American adventure; a first time; perfect places
0	RestaurantsLas Cabras	##nature	%% This insanely popular parrilla; a great success on the overcrowded Palermo; The secret recipe; s simple; good-quality food; the throngs; queuing on the pavement
0	Villa La Angostura Nahuel Huapi	##nature	%% flights throughout the year; a 22-hour trip
0	the Spegazzini	##nature	%% a base; other lesser-known glaciers; the deserted mountains; traditional Patagonian estancias; the immensity; the steppe; the main attraction for most visitors; the celestial radiance of the glaciers
0	Selva Iriap	##nature	%% no number
0	a Juan Bautista Alberdi	##nature	%% Getting thereFrequent daily flights from Buenos Aires; international airport; neas Argentinas; s Terminal; national intercity buses; The bus journey from Buenos Aires; rdoba city
0	BA	##nature	%% the iconic landmarks of Paris; its visual delights; Being in the city; visiting the world; largest film set; filled with intriguing details; unforgettable scenery; a fascinating cast
0	the San Luis bus station	##nature	%% Getting thereA number of bus companies; services between Buenos Aires; other destinations; 30 minutes from Buenos Aires; three hours from Mendoza; one flight per day; s airport; Avenida Fuerza A; neas Argentinas; a dry continental climate; The best times to visit; October to December; April to June; the park
0	the overcrowded Palermo	##nature	%% This insanely popular parrilla; The secret recipe; s simple; good-quality food; the throngs; queuing on the pavement
0	HotelsLungomare Trieste	##nature	%% Run by the eager-to-help Oliver; s best home-from-home experience; Lungomare Trieste; the name of the street; lived in southern Italy; the European heritage doesn; the house; Catalan in style; The five bedrooms; come with private bathrooms; a small roof terrace with a pileta
0	February	##nature	%% C during the summer months; water-sport activities; the beach; July to September; blustery beach walks; colonial towns; every pampas/glass-lake stereotype of Argentina; the water; the familiar tapestry of the country; s European heritage; the land; polychromatic ponchos; the ancient cultures of the Andean peoples; the nation; oldest remnants; heart-rending folklore ballads; wood churches
0	Los Robles	##nature	%% a bastion of excellence; its direction; a recommendation; a faultless parrilla; a selection; a fantastic seafood casserole; The temperature-controlled wine cellar; the best selection in San Luis; some excellent vintages
0	May	##nature	%% all year round; Rain in the areas; Salta city; January to March; the coldest months; early summer; September to December; greener landscapes; Dramatic landscapesEl CalafateJaw-dropping glaciers amid the Patagonian wildernessEl Calafate; remote town in the province; the base for visitors; most famous glacier; the most wildly impressive landscapes; Seen from afar; the chance; translucent bulk at close range; its frozen walls; a boat; the nearby walkway; even standing; a visit
0	El R	##nature	%% several daily services from Retiro bus station; a five-hour trip by coach; a taxi ride from there; Flights from Aeroparque Jorge Newbery; the summer; C during the summer months; water-sport activities; the beach; July to September; blustery beach walks
0	Quijadas	##nature	%% red canyons; an ideal one- or two-night stopover on the way; its stunning landscapes; friendly city; a lot; a detour; A barely noticeable jagged ridge on the horizon; the majesty awaiting visitors; this mass of rock; the ground; allowing water; a network; burnt-red canyons; the park; rising land; the Potrero de; a basin; dry river beds; surrounded by cliff walls; temple-like rock formations
0	Time Out editors	##nature	%% the eighth biggest country in the world; the most diverse places; dramatic glaciers; mammoth mountains; dune-dotted beaches; shockingly turquoise lakes; chosen the most inspiring destinations across Argentina; including the Vineyards in Mendoza; towering waterfalls of Iguaz; the awe; inspiring glaciers around El Calafate; the most appealing hotels
0	Avenida Pellegrini	##nature	%% most famous parrilla; more the real deal than its touristy porte; the occasional celebrity; a great place; the reverence
0	Plusmar	##nature	%% several daily services from Retiro bus station; a five-hour trip by coach; a taxi ride from there; Flights from Aeroparque Jorge Newbery; the summer; C during the summer months; water-sport activities; the beach; July to September; blustery beach walks
0	the incredible Iguaz	##nature	%% A diverse wonderland
0	JujuySpectacular valleys	##nature	%% colonial towns; every pampas/glass-lake stereotype of Argentina; the water; the familiar tapestry of the country; s European heritage; the land; polychromatic ponchos; the ancient cultures of the Andean peoples; the nation; oldest remnants; heart-rending folklore ballads; wood churches; The city of Salta; its slow pace; colonial architecture; surrounded by places; offering every imaginable adventure sport
0	RestaurantsEl Faro	##nature	%% The reputation of this parrilla; the province; Many residents of the provincial capital drive; the 60km north; the beef; the fact; the nephew; s owner; opened up a branch; an identical menu; rdoba city
0	Rome	##nature	%% the iconic landmarks of Paris; its visual delights; Being in the city; visiting the world; largest film set; filled with intriguing details; unforgettable scenery; a fascinating cast
0	Plaza Constituci	##nature	%% Getting thereTake city bus number; n in Buenos Aires; a 90-minute ride; the city; the Mitre line train from Retiro; Monday to Saturday; A more scenic rail option; a coastal light railway; the town; travels through the upscale riverside; north of Buenos Aires; terminating in Tigre; the months with the most pleasant temperatures; full bloom; s sticky late-spring; summer months of December; os head for the cool waterways; June to August
0	Calafate	##nature	%% the eighth biggest country in the world; the most diverse places; dramatic glaciers; mammoth mountains; dune-dotted beaches; shockingly turquoise lakes; chosen the most inspiring destinations across Argentina; including the Vineyards in Mendoza; towering waterfalls of Iguaz; the awe; the most appealing hotels; your tango fix at practically; any hour; the most ardent carnivore reach for a salad; Cups overflow with wine; River Plate matches; two left feet; no interest in spectator sports; the Argentinian capital
0	Julio Argentino Roca	##nature	%% an opulent 20-room hotel; The history of its former owner; an irony to the name; the peace; the massacre of innumerable indigenous Patagonians; Campaign of the Desert; the grounds; strolling around the 70-hectare park; the usual luxuries; two polo fields; a few horses; 14km NW of Jes
0	both Che Guevara	##nature	%% the city; the nation; s flag; The city; having a thriving arts scene; a lively nightlife; the country; most beautiful women
0	NEW travel newsletter	##nature	%% packed with travel tips; major world cities; great competitions
0	Villa La Angostura	##nature	%% districtThe massive national parkland; surrounding the towns of San Carlos de Bariloche; natural Andean drama in its rawest form; Standing thousands of metres; the plains; the higher summits of ice-capped volcanoes; glacial spring water; turquoise lakes in the valleys; the rarest trees; the planet; the arrayanes; Each town in this region; a different kind of experience; the gateway to Argentina; s first national park; the world-famous serpentine Ruta; Siete Lagos; Seven Lakes route; top tourist centres; an advanced infrastructure; year-round activities; a smaller version of Bariloche; equally high levels; the laid-back member of this mountainous triumvirate; the influence of the hippie squatters; creating an ecological haven
0	Tigre	##nature	%% an idyllic river deltaMost visitors; an hour north; the capital; the trip; little time for the mental transition; city chaos; charming town with leafy Victorian neighbourhoods; a whistle-stop on the way; the magnificent Delta del Paran; its doorstep; exotic labyrinth of verdant isles; narrow estuaries
0	'Argentina	##nature	%% perfect places
0	Cocker	##nature	%% Set in a grand and beautiful old house; blazing a trail; the most original and finest boutique establishments; a grand piano; a series of leafy roof gardens; The name; the former owners; cocker spaniel
0	HotelsCampo la Sierra	##nature	%% its pleasant grounds; a great place; life in the green sierras; well-maintained cottages; scattered throughout the wooded property sleep; eight people; an excellent cook; producing wholesome German dishes; pork with sauerkraut; his home; the evenings; Depending on the season; the chance; local jabal; possibly skewered by your host
