1 Kakum National Park 0.8 0.61 0.71
%d6 2/7 Kakum National parks  ##national park %%Cape Coast;coastal forest;rainforest canopy walkway;
%d7 4/7 Kakum National Park ##national park %%tropical rain forest in southern Ghana;40 species of larger mammals;forest elephants;forest buffalo;Mona-meerkats;civets;bird life;Canopy Walkway;tour;campsite;
%d8 3/10 Kakum National Park ##national park %%wildlife;rainforest;canopy walkway;
%d9 0/10 Walk Kakum National Park's Canopy Platforms ##national park %%Kakum National Park;tropical rainforest;canopy platforms;

2 Kejetia Market 0.4 0.9 0.65
%d8 1/10 Kejetia Market ##market %%Kumasi;largest market in West Africa;shopping hub;
%d9 0/10 Visit a Market ##market %%Kejetia Market;Kumasi;food;clothes;beads;plastic goods;

3 Cape Coast Castle 0.4 0.85 0.63
%d7 1/10 Cape Coast Castle ##castle %%slave-trade;old forts;colonial headquarters;museum;"door of no return";Tours;
%d8 2/10 Cape Coast Castle ##castle %%whitewashed castle;the heart of Cape Coast;dungeons;slave quarters;museum;Akan culture;slave trade;

4 Kumasi 0.6 0.57 0.585
%d7 7/10 Kumasi ##city %%former capital of Ghana's Ashanti Kingdom;second largest city;Ashanti Kingdom;gold jewelry;trinkets;Kente cloth;wood-carved stools;Kejetia Market;Manhyia Palace Museum;Ashanti king;
%d8 4/10 The Kumasi Voodoo Experience ##art %%world of voodoo in Kumasi;voodoo shrine;spells;rituals;dances;ritualistic chants;costumed dancers;
%d10 1/5 Kumasi Fort and Military Museum ##historic site %%Uaddara Barracks;Osie Tutu;Ashanti rebellion;British-Asante war;Second World War;

5 Beaches 0.4 0.57 0.49
%d6 3/7 Great beaches ##beach %%untouched and pristine beaches;white sands;Gulf of Guinea;natural beaches;Volta Region;Great Accra;Central Region;Western Region;
%d9 0/10 Relax on a Beach ##beach %%West African coastline;Labadie;football;volleyball;Frisbee;restaurants;Kokrobite;party beach;bonfires;dancing;drumming;Busua;remote location;peaceful;quiet;relaxing;Ada Foah;River Volta;sea birds;

6 Mole National Park 0.6 0.35 0.475
%d7 5/10 Mole National Park ##national park %%largest wildlife park;buffalo;antelope;elephants;warthogs;hyenas;leopard;Lions;250 species of birds;walking safari;Larabanga Mosque;
%d8 8/10 Mole National Park ##national park %%game reserves;tour guide;
%d9 0/10 Visit the Elephants at Mole National Park ##national park %%oldest, largest and most developed national park;wildlife;animals;Larabanga;

7 Castle of Elmina 0.4 0.54 0.47
%d6 5/7 Castle of Elmina  ##castle %%most photographed structure in Ghana;Fort St. Jago;Atlantic Ocean;ancient forts;slave trade;World Heritage Monument;
%d7 2/10 Elmina and St George's Castle ##town;castle %%picturesque fishing town;museum;Gold exports;tours through the dungeons;white-washed Castle;Fort St Jago;lagoon;

8 Volta Lake 0.4 0.43 0.42
%d6 1/7 Volta Lake    ##lake %%great river;Akosombo dam;largest man-made lake on Earth;providing the majority of electricity power;rolling hills;rocky outcrops;
%d7 10/10 Lake Volta (Volta Lake) ##lake %%largest man-made lake in the world;Yapei Queen;Akosombo;Yeji;Volta Lake Transport Company;"yam boat";livestock;vegetables;ferry services;

9 Accra 0.4 0.4 0.4
%d7 3/10 Accra, Ghana's Capital ##city %%sprawling city;2 million residents;modern buildings;shanty towns;castle;lively markets;Makola Market;National Museum;Ashanti Kingdom;Labadi Beach;Coco Beach;Bojo Beach;
%d8 9/10 Accra ##city %%Ghana's capital city;Ghanaian art;National Museum;Independence Square;Centre for National Culture;kente cloth;crafts;

10 Gwollu Slave Defence walls 0.2 0.6 0.4
%d10 2/5 Gwollu Slave Defence walls ##historic site %%history;slave trade;Gwollu Koro Limann;resistance;slavery;

11 Boabeng-Fiema Monkey Sanctuary 0.2 0.5 0.35
%d8 5/10 Boabeng-Fiema Monkey Sanctuary ##forest %%small community-protected forest;monkey;

12 Slave Forts 0.2 0.5 0.35
%d9 0/10 Visit One of Ghana's Slave Forts ##historic site %%slave forts;military defence;slaves;informative guided tour;museum;gift shop;

13 Football Match 0.2 0.5 0.35
%d9 0/10 Attend a Football Match ##other %%sports;Premier League;

14 Local Cuisine 0.2 0.5 0.35
%d9 0/10 Try the Local Cuisine ##other %%traditional cuisine;fufu;red-red;

15 Wli Falls 0.2 0.5 0.35
%d9 0/10 Visit Wli Falls ##waterfall %%highest waterfall in West Africa;Agumatsa Wildlife Sanctuary;nature lover's paradise;hike;swim;pool;birdlife;butterfly;

16 Boat Trip 0.2 0.5 0.35
%d9 0/10 Take a Boat Trip on Lake Volta ##lake %%boat trip;Lake Volta;fourth largest reservoir;Volta Basin;Eastern Ghana;

17 Wechia Community Hippo Sanctuary 0.2 0.5 0.35
%d9 0/10 Visit the Wechiau Community Hippo Sanctuary ##nature %%wildlife;Black Volta River;local culture;

18 Ngzulezo 0.4 0.25 0.33
%d7 9/10 Nzulezo ##town %%Amansuri Lagoon;unique little fishing community;Ghana Wildlife Society;
%d8 6/10 Nzulezu Stilted Village ##town %%Amansuri wetlands;birds;wildlife;Beyin;

19 Aburi 0.2 0.43 0.32
%d6 4/7 Aburi ##region %%Akwapim Hills;Sanatorium;botanical gardens;

20 Kokrobite Beach 0.2 0.4 0.3
%d7 6/10 Kokrobite Beach ##beach %%Langma;Academy of African Music and Art (AAMA);Mustapha Tettey Addy;Music Academy;Big Milly's Backyard;Ghanaian Rastafarians;

21 Navrongo Catholic Cathedral 0.2 0.4 0.3
%d10 3/5 Navrongo Catholic Cathedral ##church %%World Heritage Site;cathedral;

22 Busua 0.4 0.1 0.25
%d7 8/10 Busua Beach ##beach %%Atlantic;Busua Beach Resort;Busua Inn;French food;African Rainbow resort;
%d8 10/10 Busua ##beach %%beach adventure;coastal village;seafood;surfing;Cape Three Points;

23 Ghanian Festivals 0.2 0.3 0.25
%d8 7/10 Ghanaian Festivals ##festival %%Ghanaian festival;feasting;dancing;drumming;

24 Wa Naa's Palace 0.2 0.2 0.2
%d10 4/5 Wa Naa's Palace ##palace %%cultural tour;

25 National wildlife parks 0.2 0.14 0.17
%d6 6/7 National wildlife parks   ##national park %%wild animals;exotic plants;Bia Tawny Reservation;Bui National Park;Mole National Park;Boupom Wildlife Reservation;Kakum National Park;

26 Land of Golden Stol 0.2 0.0 0.1
%d6 7/7 Land of the Golden Stool  ##region %%Ashanti region;cultural heartbeat of Ghana;Kejetia market;National Council Centre;Okomfo Anokye Sword;Manhiya Palace;Lake Bosumtwi;historic shrines;cultural sites;

27 Tongo Tengzuk Cultural Landscape 0.2 0.0 0.1
%d10 5/5 Tongo Tengzuk Cultural Landscape ##town %%rock formations;sacred shrines;tour;