0	Omer Karamollaoglu ]	##nature	%% Photo credits; amanderson2 ] [ Gobi Gurvan Saikhan National Park; amanderson2 ] [ Orkhon Valley; sergelen1 ] [ Terkhiin Tsagaan Nuur
0	Selenge	##nature	%% Thanks to the fertile tendrils; the mighty Selenga River; stretching underneath the town; been gifted an abundant landscape of wheat fields; The Amarbayasgalant Khiid; an impressive 18th century monastery with a complex; nine temples; guarded under lock; a monk
0	Nomads	##nature	%% cookery lessons; local markets in Mongolia
0	Gobi Desert	##nature	%% few places; a truly ancient culture; its landlocked position; a harsh environment; only yielding a rainfall; the only constant in the Gobi; the incredible hospitality of the cattle herders
0	Chelsea Marie Hicks ] [ Tarvagatai Nuruu National Park	##nature	%% Photo credits; amanderson2 ] [ Gobi Gurvan Saikhan National Park; amanderson2 ] [ Orkhon Valley; sergelen1 ] [ Terkhiin Tsagaan Nuur
0	Hello	##nature	%% finding a holiday
0	Mongolia itineraries	##nature	%% No matter; re travelling by train; finding the best places; the best way; your time
0	large Tibetan script	##nature	%% Home of foxes; migrating birds; the spring; this nature reserve; a bit; historical bang; your natural buck; your hand at deciphering the petroglyphs; rock outcrops
0	[ Gobi Desert	##nature	%% Photo credits; amanderson2 ] [ Gobi Gurvan Saikhan National Park; amanderson2 ] [ Orkhon Valley; sergelen1 ] [ Terkhiin Tsagaan Nuur
0	Orkhon Valley	##nature	%% a picture-perfect UNESCO World Heritage site with a pastureland landscape; then dusted with rapeseed yellow; The area; a series; important archaeological monuments; the 8th century; the gushing Ulaan Tsutgalan waterfall; 10 metres
0	Eastbound	##nature	%% Russia to China; the Trans-Siberian Railway
0	Trans-Mongolian Express	##nature	%% Russia to China; the Trans-Siberian Railway
0	] [ Khentii	##nature	%% Photo credits; amanderson2 ] [ Gobi Gurvan Saikhan National Park; amanderson2 ] [ Orkhon Valley; sergelen1 ] [ Terkhiin Tsagaan Nuur
0	The Gobi desert	##nature	%% few places; a truly ancient culture; its landlocked position; a harsh environment; only yielding a rainfall; the only constant in the Gobi; the incredible hospitality of the cattle herders
0	View	##nature	%% our US site
0	Zavkhan Province	##nature	%% trekking in Mongolia
0	Enkhbold G ] [ Selenge	##nature	%% Photo credits; amanderson2 ] [ Gobi Gurvan Saikhan National Park; amanderson2 ] [ Orkhon Valley; sergelen1 ] [ Terkhiin Tsagaan Nuur
0	Karakorum	##nature	%% an ancient town with a history; largely based on flickers; quickly scuppered by bad times; an interesting town make; relics of bygone splendour; the museum; homage to the once shining capital; a rather sad shadow
0	Gobi Gurvan Saikhan National Park	##nature	%% the landscape; this national park; gritty grey rock; glorious burned orange sand; the moon; known for its majestic sand dunes; ice canyons; bloom after rare heavy rain; natural curiosities
0	Khentii	##nature	%% a place; the historical grasslands; its scenery; a horse
0	Ikh Nart	##nature	%% Home of foxes; migrating birds; the spring; this nature reserve; a bit; historical bang; your natural buck; your hand at deciphering the petroglyphs; rock outcrops
0	China	##nature	%% the Trans-Siberian Railway
0	Selenga River	##nature	%% Thanks to the fertile tendrils; stretching underneath the town; been gifted an abundant landscape of wheat fields; The Amarbayasgalant Khiid; an impressive 18th century monastery with a complex; nine temples; guarded under lock; a monk
0	Gobi desert motorcycle tour	##nature	%% Thrilling off-road enduro experience; 450exc motorbikes
0	Mongolian express rail tour	##nature	%% Beijing to St Petersburg; the rails on this once-in-a-lifetime trip
0	Mongolia adventure	##nature	%% trekking holiday; Summer time trekking
0	the Great Khan	##nature	%% Experience what it really felt like
0	Mongolia map	##nature	%% your time
0	Kyle Taylor ] [ Ulaan Baatar	##nature	%% Photo credits; amanderson2 ] [ Gobi Gurvan Saikhan National Park; amanderson2 ] [ Orkhon Valley; sergelen1 ] [ Terkhiin Tsagaan Nuur
0	Genghis	##nature	%% those who might not be super-fans of the all-conquering warrior; The town; pretty upmarket by Mongol standards; a verdant area of rivers; opposed to traditional gers; a spot
0	St Petersburg	##nature	%% the rails on this once-in-a-lifetime trip
0	Scott Presly ] [ Ikh Nart Nature Reserve	##nature	%% Photo credits; amanderson2 ] [ Gobi Gurvan Saikhan National Park; amanderson2 ] [ Orkhon Valley; sergelen1 ] [ Terkhiin Tsagaan Nuur
0	Mongolia	##nature	%% No matter; re travelling by train; finding the best places; the best way; your time
0	Khovsgol	##nature	%% Known as the White Lake; this freshwater lake; a smaller and less developed alternative; a 16km east; a string; simple ger camps; A designated Wetland of International Importance; the local ranger
0	Dadal	##nature	%% the birthplace of Genghis Khan; those who might not be super-fans of the all-conquering warrior; The town; pretty upmarket by Mongol standards; a verdant area of rivers; opposed to traditional gers; a spot
0	the Nomads	##nature	%% cookery lessons; local markets in Mongolia
0	Sign	##nature	%% our US site
0	Tarvagatai Uul National Park	##nature	%% Travel times in Mongolia
0	Terkhiin Tsagaan Nuur	##nature	%% Known as the White Lake; this freshwater lake; a smaller and less developed alternative; polluted counterpart at Khovsgol National Park; a 16km east; a string; simple ger camps; A designated Wetland of International Importance; the local ranger
0	OK	##nature	%% a car in Mongolia; a horse; the splendour of its endless plains.The roads; a state; a tyre-testing combination of sand; to middling; rattling heap of slowly; the glorious places
0	] [ Orkhon Valley	##nature	%% Photo credits; amanderson2 ] [ Gobi Gurvan Saikhan National Park; sergelen1 ] [ Terkhiin Tsagaan Nuur
0	[ Solitary tree	##nature	%% Photo credits; amanderson2 ] [ Gobi Gurvan Saikhan National Park; amanderson2 ] [ Orkhon Valley; sergelen1 ] [ Terkhiin Tsagaan Nuur
0	Naadam Festival	##nature	%% trekking holiday; Summer time trekking
0	Tosontsengel	##nature	%% Travel times in Mongolia
0	Genghis Khan	##nature	%% those who might not be super-fans of the all-conquering warrior; The town; pretty upmarket by Mongol standards; a verdant area of rivers; opposed to traditional gers; a spot
0	Photo credit	##nature	%% amanderson2 ] [ Gobi Gurvan Saikhan National Park; amanderson2 ] [ Orkhon Valley; sergelen1 ] [ Terkhiin Tsagaan Nuur
0	Mongolia tour	##nature	%% food of the Nomads; cookery lessons; local markets in Mongolia
0	Ikh Nart Nature Reserve	##nature	%% Home of foxes; migrating birds; the spring; this nature reserve; a bit; historical bang; your natural buck; your hand at deciphering the petroglyphs; rock outcrops
0	Mongolia horse	##nature	%% trekking in Mongolia; remote Zavkhan Province
0	] [ Terkhiin Tsagaan Nuur	##nature	%% Photo credits; amanderson2 ] [ Gobi Gurvan Saikhan National Park; amanderson2 ] [ Orkhon Valley
0	Exciting	##nature	%% authentic adventure; local Naadam in Mongolia
0	Mongolia adventure holiday	##nature	%% the beaten track; Adventure holiday through spectacular nomadic Mongolia
0	Travel times	##nature	%% The following times; a rough idea of the travel times; the main attractions
0	Buriat	##nature	%% The first man that Mongolia ever sent into space; a town; its beautiful scenery; rolling hills; punctuated by open-air camps; ethnic groups that live a centuries-old pastoral way of life
0	Marz Mountain Telmen Nuur	##nature	%% Travel times in Mongolia
0	[ Dadal	##nature	%% Photo credits; amanderson2 ] [ Gobi Gurvan Saikhan National Park; amanderson2 ] [ Orkhon Valley; sergelen1 ] [ Terkhiin Tsagaan Nuur
0	local Naadam	##nature	%% authentic adventure
0	South Mongolia	##nature	%% Travel times in Mongolia
0	The Orkhon Valley	##nature	%% a picture-perfect UNESCO World Heritage site with a pastureland landscape; then dusted with rapeseed yellow; The area; a series; important archaeological monuments; the 8th century; the gushing Ulaan Tsutgalan waterfall; 10 metres
0	Western Mongolia tour	##nature	%% adventure in the landscapes
0	Tarvagatai Nuruu	##nature	%% a challenging area; the bucket load; forested valleys; a genuine wilderness experience; The park; huge amounts; natural hot springs; the stars
0	Tarvagatai Nuruu National Park	##nature	%% a challenging area; the bucket load; forested valleys; a genuine wilderness experience; The park; huge amounts; natural hot springs; the stars
0	Francisco Anzola ] [ Bulgan	##nature	%% Photo credits; amanderson2 ] [ Gobi Gurvan Saikhan National Park; amanderson2 ] [ Orkhon Valley; sergelen1 ] [ Terkhiin Tsagaan Nuur
0	a picture-perfect UNESCO World Heritage site	##nature	%% then dusted with rapeseed yellow; The area; a series; important archaeological monuments; the 8th century; the gushing Ulaan Tsutgalan waterfall; 10 metres
0	Khovsgol National Park	##nature	%% Known as the White Lake; this freshwater lake; a smaller and less developed alternative; a 16km east; a string; simple ger camps; A designated Wetland of International Importance; the local ranger
0	Zavkhan Classic	##nature	%% trekking in Mongolia; remote Zavkhan Province
0	full-on Khan country	##nature	%% a place; the historical grasslands; The heavily-forested Khentii Mountain Range; its scenery; a horse
0	Naadam	##nature	%% trekking holiday; Summer time trekking
0	the Cymbur Prayer Ovoo	##nature	%% Home of foxes; migrating birds; the spring; this nature reserve; a bit; historical bang; your natural buck; your hand at deciphering the petroglyphs; rock outcrops
0	the Khalkh	##nature	%% The first man that Mongolia ever sent into space; a town; its beautiful scenery; rolling hills; punctuated by open-air camps; ethnic groups that live a centuries-old pastoral way of life
0	an ancient Buddhist prayer site	##nature	%% Home of foxes; migrating birds; the spring; this nature reserve; a bit; historical bang; your natural buck; your hand at deciphering the petroglyphs; rock outcrops
0	Zavkhan multi activity holiday	##nature	%% Explore remotest Mongolia by horse
0	western Mongolia	##nature	%% a challenging area; the bucket load; forested valleys; a genuine wilderness experience; The park; huge amounts; natural hot springs; the stars
0	Beijing	##nature	%% the rails on this once-in-a-lifetime trip
0	the White Lake	##nature	%% this freshwater lake; a smaller and less developed alternative; polluted counterpart at Khovsgol National Park; a 16km east; a string; simple ger camps; A designated Wetland of International Importance; the local ranger
0	the Altai	##nature	%% adventure in the landscapes
0	Bulgan	##nature	%% The first man that Mongolia ever sent into space; a town; its beautiful scenery; rolling hills; punctuated by open-air camps; ethnic groups that live a centuries-old pastoral way of life
0	Khangai Mountains	##nature	%% cultural tour; Local insight into landscapes
0	Gemma Amor ] [ Karakorum	##nature	%% Photo credits; amanderson2 ] [ Gobi Gurvan Saikhan National Park; amanderson2 ] [ Orkhon Valley; sergelen1 ] [ Terkhiin Tsagaan Nuur
0	Ulaan Baatar	##nature	%% Excepting the odd monastic pocket of serenity; a chaotic city of rapid expansion; construction sites; the skyline; s something; mesmerising about the Mongolian capital; an exciting; quite bohemian vibe that adds an; appropriately shocking yang to Mongolia; s nomadic yin
0	] [ Gobi Gurvan Saikhan National Park	##nature	%% Photo credits; amanderson2 ] [ Orkhon Valley; sergelen1 ] [ Terkhiin Tsagaan Nuur
0	Mongolia veer	##nature	%% a car in Mongolia; a horse; the splendour of its endless plains.The roads; a state; a tyre-testing combination of sand; to middling; rattling heap of slowly; the glorious places
